<?xml version="1.0" encoding="UTF-8"?>
<testsuite xmlns:xsi="http://www.w3.org/2001/XMLSchema-instance" xsi:noNamespaceSchemaLocation="https://maven.apache.org/surefire/maven-surefire-plugin/xsd/surefire-test-report-3.0.xsd" version="3.0" name="com.cryptograming.resapi.ResapiApplicationTests" time="10.916" tests="1" errors="0" skipped="0" failures="0">
  <properties>
[...]
</properties>
  <testcase name="contextLoads" classname="com.cryptograming.resapi.ResapiApplicationTests" time="1.852">
    <system-out><![CDATA[12:51:00.776 [main] INFO org.springframework.test.context.support.AnnotationConfigContextLoaderUtils -- Could not detect default configuration classes for test class [com.cryptograming.resapi.ResapiApplicationTests]: ResapiApplicationTests does not declare any static, non-private, non-final, nested classes annotated with @Configuration.
12:51:01.258 [main] INFO org.springframework.boot.test.context.SpringBootTestContextBootstrapper -- Found @SpringBootConfiguration com.cryptograming.resapi.ResapiApplication for test class com.cryptograming.resapi.ResapiApplicationTests

  .   ____          _            __ _ _
 /\\ / ___'_ __ _ _(_)_ __  __ _ \ \ \ \
( ( )\___ | '_ | '_| | '_ \/ _` | \ \ \ \
 \\/  ___)| |_)| | | | | || (_| |  ) ) ) )
  '  |____| .__|_| |_|_| |_\__, | / / / /
 =========|_|==============|___/=/_/_/_/
 :: Spring Boot ::      (v3.1.10-SNAPSHOT)

2024-02-27T12:51:03.032-04:00  INFO 34841 --- [           main] c.c.resapi.ResapiApplicationTests        : Starting ResapiApplicationTests using Java 21.0.1 with PID 34841 (started by segura in /home/segura/Escritorio/resapi)
2024-02-27T12:51:03.035-04:00  INFO 34841 --- [           main] c.c.resapi.ResapiApplicationTests        : No active profile set, falling back to 1 default profile: "default"
2024-02-27T12:51:04.503-04:00  INFO 34841 --- [           main] .s.d.r.c.RepositoryConfigurationDelegate : Multiple Spring Data modules found, entering strict repository configuration mode
2024-02-27T12:51:04.505-04:00  INFO 34841 --- [           main] .s.d.r.c.RepositoryConfigurationDelegate : Bootstrapping Spring Data MongoDB repositories in DEFAULT mode.
2024-02-27T12:51:04.682-04:00  INFO 34841 --- [           main] .s.d.r.c.RepositoryConfigurationDelegate : Finished Spring Data repository scanning in 172 ms. Found 1 MongoDB repository interface.
2024-02-27T12:51:07.485-04:00  INFO 34841 --- [           main] org.mongodb.driver.client                : MongoClient with metadata {"driver": {"name": "mongo-java-driver|sync|spring-boot", "version": "4.9.1"}, "os": {"type": "Linux", "name": "Linux", "architecture": "amd64", "version": "6.5.0-21-generic"}, "platform": "Java/Oracle Corporation/21.0.1+12-LTS-29"} created with settings MongoClientSettings{readPreference=primary, writeConcern=WriteConcern{w=majority, wTimeout=null ms, journal=null}, retryWrites=true, retryReads=true, readConcern=ReadConcern{level=null}, credential=MongoCredential{mechanism=null, userName='freeluck', source='admin', password=<hidden>, mechanismProperties=<hidden>}, streamFactoryFactory=null, commandListeners=[], codecRegistry=ProvidersCodecRegistry{codecProviders=[ValueCodecProvider{}, BsonValueCodecProvider{}, DBRefCodecProvider{}, DBObjectCodecProvider{}, DocumentCodecProvider{}, CollectionCodecProvider{}, IterableCodecProvider{}, MapCodecProvider{}, GeoJsonCodecProvider{}, GridFSFileCodecProvider{}, Jsr310CodecProvider{}, JsonObjectCodecProvider{}, BsonCodecProvider{}, EnumCodecProvider{}, com.mongodb.client.model.mql.ExpressionCodecProvider@44b21f9f, com.mongodb.Jep395RecordCodecProvider@7ee8130e]}, loggerSettings=LoggerSettings{maxDocumentLength=1000}, clusterSettings={hosts=[127.0.0.1:27017], srvHost=mydummyjson.z5d3185.mongodb.net, srvServiceName=mongodb, mode=MULTIPLE, requiredClusterType=REPLICA_SET, requiredReplicaSetName='atlas-jbls5q-shard-0', serverSelector='null', clusterListeners='[]', serverSelectionTimeout='30000 ms', localThreshold='30000 ms'}, socketSettings=SocketSettings{connectTimeoutMS=10000, readTimeoutMS=0, receiveBufferSize=0, sendBufferSize=0}, heartbeatSocketSettings=SocketSettings{connectTimeoutMS=10000, readTimeoutMS=10000, receiveBufferSize=0, sendBufferSize=0}, connectionPoolSettings=ConnectionPoolSettings{maxSize=100, minSize=0, maxWaitTimeMS=120000, maxConnectionLifeTimeMS=0, maxConnectionIdleTimeMS=0, maintenanceInitialDelayMS=0, maintenanceFrequencyMS=60000, connectionPoolListeners=[], maxConnecting=2}, serverSettings=ServerSettings{heartbeatFrequencyMS=10000, minHeartbeatFrequencyMS=500, serverListeners='[]', serverMonitorListeners='[]'}, sslSettings=SslSettings{enabled=true, invalidHostNameAllowed=false, context=null}, applicationName='null', compressorList=[], uuidRepresentation=JAVA_LEGACY, serverApi=null, autoEncryptionSettings=null, contextProvider=null}
2024-02-27T12:51:07.581-04:00  INFO 34841 --- [185.mongodb.net] org.mongodb.driver.cluster               : Adding discovered server ac-5kshcv7-shard-00-02.z5d3185.mongodb.net:27017 to client view of cluster
2024-02-27T12:51:07.899-04:00  INFO 34841 --- [185.mongodb.net] org.mongodb.driver.cluster               : Adding discovered server ac-5kshcv7-shard-00-00.z5d3185.mongodb.net:27017 to client view of cluster
2024-02-27T12:51:07.902-04:00  INFO 34841 --- [185.mongodb.net] org.mongodb.driver.cluster               : Adding discovered server ac-5kshcv7-shard-00-01.z5d3185.mongodb.net:27017 to client view of cluster
2024-02-27T12:51:09.153-04:00  INFO 34841 --- [           main] c.c.resapi.ResapiApplicationTests        : Started ResapiApplicationTests in 7.034 seconds (process running for 10.726)
2024-02-27T12:51:09.935-04:00  INFO 34841 --- [ngodb.net:27017] org.mongodb.driver.cluster               : Monitor thread successfully connected to server with description ServerDescription{address=ac-5kshcv7-shard-00-02.z5d3185.mongodb.net:27017, type=REPLICA_SET_PRIMARY, state=CONNECTED, ok=true, minWireVersion=0, maxWireVersion=17, maxDocumentSize=16777216, logicalSessionTimeoutMinutes=30, roundTripTimeNanos=805045300, setName='atlas-jbls5q-shard-0', canonicalAddress=ac-5kshcv7-shard-00-02.z5d3185.mongodb.net:27017, hosts=[ac-5kshcv7-shard-00-00.z5d3185.mongodb.net:27017, ac-5kshcv7-shard-00-01.z5d3185.mongodb.net:27017, ac-5kshcv7-shard-00-02.z5d3185.mongodb.net:27017], passives=[], arbiters=[], primary='ac-5kshcv7-shard-00-02.z5d3185.mongodb.net:27017', tagSet=TagSet{[Tag{name='availabilityZone', value='sae1-az2'}, Tag{name='diskState', value='READY'}, Tag{name='nodeType', value='ELECTABLE'}, Tag{name='provider', value='AWS'}, Tag{name='region', value='SA_EAST_1'}, Tag{name='workloadType', value='OPERATIONAL'}]}, electionId=7fffffff000000000000006f, setVersion=4, topologyVersion=TopologyVersion{processId=65ce55a6021e02b437141dbb, counter=6}, lastWriteDate=Tue Feb 27 12:51:09 VET 2024, lastUpdateTimeNanos=22482430655735}
2024-02-27T12:51:09.935-04:00  INFO 34841 --- [ngodb.net:27017] org.mongodb.driver.cluster               : Monitor thread successfully connected to server with description ServerDescription{address=ac-5kshcv7-shard-00-00.z5d3185.mongodb.net:27017, type=REPLICA_SET_SECONDARY, state=CONNECTED, ok=true, minWireVersion=0, maxWireVersion=17, maxDocumentSize=16777216, logicalSessionTimeoutMinutes=30, roundTripTimeNanos=841745242, setName='atlas-jbls5q-shard-0', canonicalAddress=ac-5kshcv7-shard-00-00.z5d3185.mongodb.net:27017, hosts=[ac-5kshcv7-shard-00-00.z5d3185.mongodb.net:27017, ac-5kshcv7-shard-00-01.z5d3185.mongodb.net:27017, ac-5kshcv7-shard-00-02.z5d3185.mongodb.net:27017], passives=[], arbiters=[], primary='ac-5kshcv7-shard-00-02.z5d3185.mongodb.net:27017', tagSet=TagSet{[Tag{name='availabilityZone', value='sae1-az1'}, Tag{name='diskState', value='READY'}, Tag{name='nodeType', value='ELECTABLE'}, Tag{name='provider', value='AWS'}, Tag{name='region', value='SA_EAST_1'}, Tag{name='workloadType', value='OPERATIONAL'}]}, electionId=null, setVersion=4, topologyVersion=TopologyVersion{processId=65ce534456f761bd0dbafc6d, counter=4}, lastWriteDate=Tue Feb 27 12:51:09 VET 2024, lastUpdateTimeNanos=22482438673516}
2024-02-27T12:51:09.943-04:00  INFO 34841 --- [ngodb.net:27017] org.mongodb.driver.cluster               : Discovered replica set primary ac-5kshcv7-shard-00-02.z5d3185.mongodb.net:27017 with max election id 7fffffff000000000000006f and max set version 4
]]></system-out>
    <system-err><![CDATA[WARNING: A Java agent has been loaded dynamically (/home/segura/.m2/repository/net/bytebuddy/byte-buddy-agent/1.14.12/byte-buddy-agent-1.14.12.jar)
WARNING: If a serviceability tool is in use, please run with -XX:+EnableDynamicAgentLoading to hide this warning
WARNING: If a serviceability tool is not in use, please run with -Djdk.instrument.traceUsage for more information
WARNING: Dynamic loading of agents will be disallowed by default in a future release
]]></system-err>
  </testcase>
</testsuite>